[Thu Oct 27 20:09:38 2022] [::1]:43562 [200]: /
[Thu Oct 27 20:09:38 2022] [::1]:43564 [200]: /client.min.js
[Thu Oct 27 20:09:38 2022] [::1]:43566 [200]: /js/_app.js
[Thu Oct 27 20:09:38 2022] [::1]:43568 [200]: /loc.js
[Thu Oct 27 20:09:39 2022] [::1]:43570 [404]: /favicon.ico - No such file or directory
[Thu Oct 27 20:09:39 2022] [::1]:43572 [200]: /info.php
[Thu Oct 27 20:09:41 2022] [::1]:43574 [200]: /
[Thu Oct 27 20:09:42 2022] [::1]:43576 [200]: /client.min.js
[Thu Oct 27 20:09:42 2022] [::1]:43578 [200]: /loc.js
[Thu Oct 27 20:09:42 2022] [::1]:43580 [200]: /js/_app.js
[Thu Oct 27 20:09:42 2022] [::1]:43582 [200]: /info.php
[Thu Oct 27 20:09:43 2022] [::1]:43584 [200]: /
[Thu Oct 27 20:09:43 2022] [::1]:43588 [200]: /client.min.js
[Thu Oct 27 20:09:43 2022] [::1]:43586 [200]: /js/_app.js
[Thu Oct 27 20:09:43 2022] [::1]:43590 [200]: /loc.js
[Thu Oct 27 20:09:44 2022] [::1]:43592 [200]: /info.php
[Thu Oct 27 20:09:44 2022] [::1]:43594 [200]: /
[Thu Oct 27 20:09:44 2022] [::1]:43600 [200]: /loc.js
[Thu Oct 27 20:09:44 2022] [::1]:43596 [200]: /client.min.js
[Thu Oct 27 20:09:44 2022] [::1]:43598 [200]: /js/_app.js
[Thu Oct 27 20:09:45 2022] [::1]:43602 [200]: /info.php
[Thu Oct 27 20:09:45 2022] [::1]:43604 [200]: /
[Thu Oct 27 20:09:45 2022] [::1]:43608 [200]: /client.min.js
[Thu Oct 27 20:09:45 2022] [::1]:43606 [200]: /loc.js
[Thu Oct 27 20:09:45 2022] [::1]:43610 [200]: /js/_app.js
[Thu Oct 27 20:09:46 2022] [::1]:43612 [200]: /info.php
[Thu Oct 27 20:09:46 2022] [::1]:43614 [200]: /
[Thu Oct 27 20:09:46 2022] [::1]:43616 [200]: /client.min.js
[Thu Oct 27 20:09:46 2022] [::1]:43618 [200]: /loc.js
[Thu Oct 27 20:09:46 2022] [::1]:43620 [200]: /js/_app.js
[Thu Oct 27 20:09:47 2022] [::1]:43622 [200]: /info.php
[Thu Oct 27 20:09:47 2022] [::1]:43624 [200]: /
[Thu Oct 27 20:09:47 2022] [::1]:43626 [200]: /loc.js
[Thu Oct 27 20:09:47 2022] [::1]:43628 [200]: /client.min.js
[Thu Oct 27 20:09:47 2022] [::1]:43630 [200]: /js/_app.js
[Thu Oct 27 20:09:48 2022] [::1]:43632 [200]: /info.php
[Thu Oct 27 20:09:48 2022] [::1]:43634 [200]: /
[Thu Oct 27 20:09:48 2022] [::1]:43638 [200]: /loc.js
[Thu Oct 27 20:09:48 2022] [::1]:43636 [200]: /client.min.js
[Thu Oct 27 20:09:48 2022] [::1]:43640 [200]: /js/_app.js
[Thu Oct 27 20:09:49 2022] [::1]:43642 [200]: /info.php
[Thu Oct 27 20:09:49 2022] [::1]:43644 [200]: /
[Thu Oct 27 20:09:49 2022] [::1]:43646 [200]: /client.min.js
[Thu Oct 27 20:09:49 2022] [::1]:43648 [200]: /js/_app.js
[Thu Oct 27 20:09:49 2022] [::1]:43650 [200]: /loc.js
[Thu Oct 27 20:09:50 2022] [::1]:43652 [200]: /
[Thu Oct 27 20:09:50 2022] [::1]:43654 [200]: /loc.js
[Thu Oct 27 20:09:50 2022] [::1]:43656 [200]: /client.min.js
[Thu Oct 27 20:09:50 2022] [::1]:43658 [200]: /js/_app.js
[Thu Oct 27 20:09:51 2022] [::1]:43660 [200]: /
[Thu Oct 27 20:09:51 2022] [::1]:43662 [200]: /info.php
[Thu Oct 27 20:09:51 2022] [::1]:43664 [200]: /client.min.js
[Thu Oct 27 20:09:51 2022] [::1]:43666 [200]: /loc.js
[Thu Oct 27 20:09:51 2022] [::1]:43668 [200]: /js/_app.js
[Thu Oct 27 20:10:27 2022] [::1]:43676 [200]: /
[Thu Oct 27 20:10:27 2022] [::1]:43680 [200]: /client.min.js
[Thu Oct 27 20:10:27 2022] [::1]:43678 [200]: /loc.js
[Thu Oct 27 20:10:27 2022] [::1]:43682 [200]: /js/_app.js
[Thu Oct 27 20:10:28 2022] [::1]:43684 [404]: /favicon.ico - No such file or directory
[Thu Oct 27 20:10:28 2022] [::1]:43686 [200]: /info.php
[Thu Oct 27 20:10:29 2022] [::1]:43688 [200]: /
[Thu Oct 27 20:10:30 2022] [::1]:43690 [200]: /loc.js
[Thu Oct 27 20:10:30 2022] [::1]:43692 [200]: /client.min.js
[Thu Oct 27 20:10:30 2022] [::1]:43694 [200]: /js/_app.js
[Thu Oct 27 20:10:31 2022] [::1]:43696 [200]: /info.php
[Thu Oct 27 20:10:31 2022] [::1]:43698 [200]: /
[Thu Oct 27 20:10:31 2022] [::1]:43700 [200]: /client.min.js
[Thu Oct 27 20:10:31 2022] [::1]:43704 [200]: /js/_app.js
[Thu Oct 27 20:10:31 2022] [::1]:43702 [200]: /loc.js
[Thu Oct 27 20:10:32 2022] [::1]:43706 [200]: /
[Thu Oct 27 20:10:33 2022] [::1]:43708 [200]: /client.min.js
[Thu Oct 27 20:10:33 2022] [::1]:43710 [200]: /loc.js
[Thu Oct 27 20:10:33 2022] [::1]:43712 [200]: /js/_app.js
[Thu Oct 27 20:10:34 2022] [::1]:43714 [200]: /
[Thu Oct 27 20:10:34 2022] [::1]:43716 [200]: /client.min.js
[Thu Oct 27 20:10:34 2022] [::1]:43718 [200]: /loc.js
[Thu Oct 27 20:10:34 2022] [::1]:43720 [200]: /js/_app.js
[Thu Oct 27 20:10:35 2022] [::1]:43722 [200]: /
[Thu Oct 27 20:10:35 2022] [::1]:43724 [200]: /info.php
[Thu Oct 27 20:10:35 2022] [::1]:43726 [200]: /loc.js
[Thu Oct 27 20:10:35 2022] [::1]:43728 [200]: /client.min.js
[Thu Oct 27 20:10:35 2022] [::1]:43730 [200]: /js/_app.js
[Thu Oct 27 20:10:36 2022] [::1]:43732 [200]: /info.php
[Thu Oct 27 20:10:36 2022] [::1]:43734 [200]: /
[Thu Oct 27 20:10:36 2022] [::1]:43736 [200]: /js/_app.js
[Thu Oct 27 20:10:36 2022] [::1]:43738 [200]: /loc.js
[Thu Oct 27 20:10:36 2022] [::1]:43740 [200]: /client.min.js
[Thu Oct 27 20:10:37 2022] [::1]:43742 [200]: /
[Thu Oct 27 20:10:38 2022] [::1]:43744 [200]: /client.min.js
[Thu Oct 27 20:10:38 2022] [::1]:43746 [200]: /loc.js
[Thu Oct 27 20:10:38 2022] [::1]:43748 [200]: /js/_app.js
[Thu Oct 27 20:10:38 2022] [::1]:43750 [200]: /
[Thu Oct 27 20:10:39 2022] [::1]:43752 [200]: /client.min.js
[Thu Oct 27 20:10:39 2022] [::1]:43754 [200]: /loc.js
[Thu Oct 27 20:10:39 2022] [::1]:43756 [200]: /js/_app.js
[Thu Oct 27 20:10:41 2022] [::1]:43758 [200]: /
[Thu Oct 27 20:10:41 2022] [::1]:43760 [200]: /client.min.js
[Thu Oct 27 20:10:41 2022] [::1]:43764 [200]: /loc.js
[Thu Oct 27 20:10:41 2022] [::1]:43762 [200]: /js/_app.js
[Thu Oct 27 20:10:42 2022] [::1]:43766 [200]: /info.php
[Thu Oct 27 20:10:42 2022] [::1]:43768 [200]: /
[Thu Oct 27 20:10:43 2022] [::1]:43772 [200]: /client.min.js
[Thu Oct 27 20:10:43 2022] [::1]:43774 [200]: /loc.js
[Thu Oct 27 20:10:43 2022] [::1]:43770 [200]: /js/_app.js
[Thu Oct 27 20:10:44 2022] [::1]:43776 [200]: /info.php
[Thu Oct 27 20:10:45 2022] [::1]:43778 [200]: /
[Thu Oct 27 20:10:45 2022] [::1]:43780 [200]: /client.min.js
[Thu Oct 27 20:10:45 2022] [::1]:43782 [200]: /loc.js
[Thu Oct 27 20:10:45 2022] [::1]:43784 [200]: /js/_app.js
[Thu Oct 27 20:10:45 2022] [::1]:43786 [200]: /info.php
[Thu Oct 27 20:10:46 2022] [::1]:43788 [200]: /
[Thu Oct 27 20:10:46 2022] [::1]:43790 [200]: /js/_app.js
[Thu Oct 27 20:10:46 2022] [::1]:43792 [200]: /client.min.js
[Thu Oct 27 20:10:46 2022] [::1]:43794 [200]: /loc.js
[Thu Oct 27 20:10:46 2022] [::1]:43796 [200]: /info.php
[Thu Oct 27 20:10:47 2022] [::1]:43798 [200]: /
[Thu Oct 27 20:10:47 2022] [::1]:43802 [200]: /client.min.js
[Thu Oct 27 20:10:47 2022] [::1]:43800 [200]: /loc.js
[Thu Oct 27 20:10:47 2022] [::1]:43804 [200]: /js/_app.js
[Thu Oct 27 20:10:47 2022] [::1]:43806 [200]: /info.php
[Thu Oct 27 20:10:48 2022] [::1]:43808 [200]: /
[Thu Oct 27 20:10:48 2022] [::1]:43812 [200]: /loc.js
[Thu Oct 27 20:10:48 2022] [::1]:43810 [200]: /client.min.js
[Thu Oct 27 20:10:48 2022] [::1]:43814 [200]: /js/_app.js
